2026-02-02T17:50:56.347Z: /
2026-02-02T17:50:56.435Z: /favicon.ico
2026-02-02T17:54:10.460Z: New Server Log /
2026-02-02T17:54:10.558Z: New Server Log /favicon.ico
2026-02-02T17:57:11.894Z: New Server Log /
2026-02-02T17:57:19.526Z: New Server Log /
2026-02-02T18:04:31.310Z: New Server Log /
2026-02-02T18:04:39.867Z: New Server Log /
2026-02-02T18:05:24.368Z: New Server Log /
2026-02-02T18:05:39.169Z: New Server Log /
2026-02-02T18:05:42.990Z: New Server Log /
2026-02-02T18:05:50.032Z: New Server Log /about
2026-02-02T18:06:13.315Z: New Server Log /
2026-02-02T18:06:14.934Z: New Server Log /con
2026-02-02T18:06:38.522Z: New Server Log /
2026-02-02T18:06:40.969Z: New Server Log /about
2026-02-02T18:20:23.314Z: New Server Log /about
2026-02-02T18:20:26.873Z: New Server Log /
2026-02-02T18:20:29.357Z: New Server Log /home
2026-02-02T18:21:49.711Z: New Server Log /home
2026-02-02T18:22:22.376Z: New Server Log /about
2026-02-02T18:22:27.361Z: New Server Log /home
2026-02-02T18:26:44.768Z: New Server Log /about?testing:name
2026-02-02T18:27:24.148Z: New Server Log /about?testing=shubham
2026-02-02T18:30:27.843Z: New Server Log /about?testing=shubham
2026-02-02T18:31:24.714Z: New Server Log /about?testing=shubham
2026-02-02T18:32:24.449Z: New Server Log /about?testing=shubham
2026-02-02T18:32:26.424Z: New Server Log /about?testing=shubham
2026-02-02T18:33:47.486Z: New Server Log /about?testing=shubham
